This is pdfTeX, Version 3.1415926-2.5-1.40.14 (TeX Live 2013/Debian) (format=pdflatex 2015.4.28)  29 APR 2015 18:45
entering extended mode
 restricted \write18 enabled.
 %&-line parsing enabled.
**a-publication.tex
(./a-publication.tex
LaTeX2e <2011/06/27>
Babel <3.9h> and hyphenation patterns for 78 languages loaded.
(./llncs.cls
Document Class: llncs 2014/03/31 v2.19 
 LaTeX document class for Lecture Notes in Computer Science
(/usr/share/texlive/texmf-dist/tex/latex/base/article.cls
Document Class: article 2007/10/19 v1.4h Standard LaTeX document class
(/usr/share/texlive/texmf-dist/tex/latex/base/size10.clo
File: size10.clo 2007/10/19 v1.4h Standard LaTeX file (size option)
)
\c@part=\count79
\c@section=\count80
\c@subsection=\count81
\c@subsubsection=\count82
\c@paragraph=\count83
\c@subparagraph=\count84
\c@figure=\count85
\c@table=\count86
\abovecaptionskip=\skip41
\belowcaptionskip=\skip42
\bibindent=\dimen102
)
(/usr/share/texlive/texmf-dist/tex/latex/tools/multicol.sty
Package: multicol 2011/06/27 v1.7a multicolumn formatting (FMi)
\c@tracingmulticols=\count87
\mult@box=\box26
\multicol@leftmargin=\dimen103
\c@unbalance=\count88
\c@collectmore=\count89
\doublecol@number=\count90
\multicoltolerance=\count91
\multicolpretolerance=\count92
\full@width=\dimen104
\page@free=\dimen105
\premulticols=\dimen106
\postmulticols=\dimen107
\multicolsep=\skip43
\multicolbaselineskip=\skip44
\partial@page=\box27
\last@line=\box28
\mult@rightbox=\box29
\mult@grightbox=\box30
\mult@gfirstbox=\box31
\mult@firstbox=\box32
\@tempa=\box33
\@tempa=\box34
\@tempa=\box35
\@tempa=\box36
\@tempa=\box37
\@tempa=\box38
\@tempa=\box39
\@tempa=\box40
\@tempa=\box41
\@tempa=\box42
\@tempa=\box43
\@tempa=\box44
\@tempa=\box45
\@tempa=\box46
\@tempa=\box47
\@tempa=\box48
\@tempa=\box49
\c@columnbadness=\count93
\c@finalcolumnbadness=\count94
\last@try=\dimen108
\multicolovershoot=\dimen109
\multicolundershoot=\dimen110
\mult@nat@firstbox=\box50
\colbreak@box=\box51
\multicol@sort@counter=\count95
) (./aliascnt.sty
Package: aliascnt 2009/09/08 v1.3 Alias counter (HO)

(./remreset.sty))
\c@chapter=\count96
LaTeX Font Info:    Redeclaring math symbol \Gamma on input line 362.
LaTeX Font Info:    Redeclaring math symbol \Delta on input line 363.
LaTeX Font Info:    Redeclaring math symbol \Theta on input line 364.
LaTeX Font Info:    Redeclaring math symbol \Lambda on input line 365.
LaTeX Font Info:    Redeclaring math symbol \Xi on input line 366.
LaTeX Font Info:    Redeclaring math symbol \Pi on input line 367.
LaTeX Font Info:    Redeclaring math symbol \Sigma on input line 368.
LaTeX Font Info:    Redeclaring math symbol \Upsilon on input line 369.
LaTeX Font Info:    Redeclaring math symbol \Phi on input line 370.
LaTeX Font Info:    Redeclaring math symbol \Psi on input line 371.
LaTeX Font Info:    Redeclaring math symbol \Omega on input line 372.
\tocchpnum=\dimen111
\tocsecnum=\dimen112
\tocsectotal=\dimen113
\tocsubsecnum=\dimen114
\tocsubsectotal=\dimen115
\tocsubsubsecnum=\dimen116
\tocsubsubsectotal=\dimen117
\tocparanum=\dimen118
\tocparatotal=\dimen119
\tocsubparanum=\dimen120
\@tempcntc=\count97
\fnindent=\dimen121
\c@@inst=\count98
\c@@auth=\count99
\c@auco=\count100
\instindent=\dimen122
\authrun=\box52
\authorrunning=\toks14
\tocauthor=\toks15
\titrun=\box53
\titlerunning=\toks16
\toctitle=\toks17
\c@theorem=\count101
\c@case=\count102
\c@conjecture=\count103
\c@corollary=\count104
\c@definition=\count105
\c@example=\count106
\c@exercise=\count107
\c@lemma=\count108
\c@note=\count109
\c@problem=\count110
\c@property=\count111
\c@proposition=\count112
\c@question=\count113
\c@solution=\count114
\c@remark=\count115
\headlineindent=\dimen123
)
(/usr/share/texlive/texmf-dist/tex/latex/amsfonts/amssymb.sty
Package: amssymb 2013/01/14 v3.01 AMS font symbols

(/usr/share/texlive/texmf-dist/tex/latex/amsfonts/amsfonts.sty
Package: amsfonts 2013/01/14 v3.01 Basic AMSFonts support
\@emptytoks=\toks18
\symAMSa=\mathgroup4
\symAMSb=\mathgroup5
LaTeX Font Info:    Overwriting math alphabet `\mathfrak' in version `bold'
(Font)                  U/euf/m/n --> U/euf/b/n on input line 106.
))
(/usr/share/texlive/texmf-dist/tex/latex/graphics/graphicx.sty
Package: graphicx 1999/02/16 v1.0f Enhanced LaTeX Graphics (DPC,SPQR)

(/usr/share/texlive/texmf-dist/tex/latex/graphics/keyval.sty
Package: keyval 1999/03/16 v1.13 key=value parser (DPC)
\KV@toks@=\toks19
)
(/usr/share/texlive/texmf-dist/tex/latex/graphics/graphics.sty
Package: graphics 2009/02/05 v1.0o Standard LaTeX Graphics (DPC,SPQR)

(/usr/share/texlive/texmf-dist/tex/latex/graphics/trig.sty
Package: trig 1999/03/16 v1.09 sin cos tan (DPC)
)
(/usr/share/texlive/texmf-dist/tex/latex/latexconfig/graphics.cfg
File: graphics.cfg 2010/04/23 v1.9 graphics configuration of TeX Live
)
Package graphics Info: Driver file: pdftex.def on input line 91.

(/usr/share/texlive/texmf-dist/tex/latex/pdftex-def/pdftex.def
File: pdftex.def 2011/05/27 v0.06d Graphics/color for pdfTeX

(/usr/share/texlive/texmf-dist/tex/generic/oberdiek/infwarerr.sty
Package: infwarerr 2010/04/08 v1.3 Providing info/warning/error messages (HO)
)
(/usr/share/texlive/texmf-dist/tex/generic/oberdiek/ltxcmds.sty
Package: ltxcmds 2011/11/09 v1.22 LaTeX kernel commands for general use (HO)
)
\Gread@gobject=\count116
))
\Gin@req@height=\dimen124
\Gin@req@width=\dimen125
)
(/usr/share/texlive/texmf-dist/tex/latex/url/url.sty
\Urlmuskip=\muskip10
Package: url 2013/09/16  ver 3.4  Verb mode for urls, etc.
)
(/usr/share/texlive/texmf-dist/tex/latex/base/inputenc.sty
Package: inputenc 2008/03/30 v1.1d Input encoding file
\inpenc@prehook=\toks20
\inpenc@posthook=\toks21

(/usr/share/texlive/texmf-dist/tex/latex/ucs/utf8x.def
File: utf8x.def 2004/10/17 UCS: Input encoding UTF-8
))
(/usr/share/texlive/texmf-dist/tex/latex/ucs/ucs.sty
Package: ucs 2013/05/11 v2.2 UCS: Unicode input support

(/usr/share/texlive/texmf-dist/tex/latex/ucs/data/uni-global.def
File: uni-global.def 2013/05/13 UCS: Unicode global data
)
\uc@secondtry=\count117
\uc@combtoks=\toks22
\uc@combtoksb=\toks23
\uc@temptokena=\toks24
)
(/usr/share/texlive/texmf-dist/tex/latex/base/fontenc.sty
Package: fontenc 2005/09/27 v1.99g Standard LaTeX package

(/usr/share/texlive/texmf-dist/tex/latex/lithuanian/l7xenc.def
File: l7xenc.def 2008/10/14 v1.96 LaTeX-LT file
LaTeX Info: Redefining \selectfont on input line 30.
)
LaTeX Font Info:    Failed loading font information for L7x+cmr. on input line 
100.
LaTeX Font Info:    Try loading font information for L7x+lmr on input line 100.


(/usr/share/texmf/tex/latex/lm/l7xlmr.fd
File: l7xlmr.fd 2009/10/30 v1.6 Font defs for Latin Modern
))
(/usr/share/texlive/texmf-dist/tex/generic/babel/babel.sty
Package: babel 2013/12/03 3.9h The Babel package

(/usr/share/texlive/texmf-dist/tex/latex/lithuanian/lithuanian.ldf
Language: lithuanian 2006/09/20 v0.5 Lithuanian support from the babel system

(/usr/share/texlive/texmf-dist/tex/generic/babel/babel.def
File: babel.def 2013/12/03 3.9h Babel common definitions
\babel@savecnt=\count118
\U@D=\dimen126
)))
(./a-publication.aux)
\openout1 = `a-publication.aux'.

LaTeX Font Info:    Checking defaults for OML/cmm/m/it on input line 33.
LaTeX Font Info:    ... okay on input line 33.
LaTeX Font Info:    Checking defaults for T1/cmr/m/n on input line 33.
LaTeX Font Info:    ... okay on input line 33.
LaTeX Font Info:    Checking defaults for OT1/cmr/m/n on input line 33.
LaTeX Font Info:    ... okay on input line 33.
LaTeX Font Info:    Checking defaults for OMS/cmsy/m/n on input line 33.
LaTeX Font Info:    ... okay on input line 33.
LaTeX Font Info:    Checking defaults for OMX/cmex/m/n on input line 33.
LaTeX Font Info:    ... okay on input line 33.
LaTeX Font Info:    Checking defaults for U/cmr/m/n on input line 33.
LaTeX Font Info:    ... okay on input line 33.
LaTeX Font Info:    Checking defaults for L7x/lmr/m/n on input line 33.
LaTeX Font Info:    ... okay on input line 33.
LaTeX Font Info:    Failed loading font information for L7x+cmr. on input line 
33.

(/usr/share/texlive/texmf-dist/tex/context/base/supp-pdf.mkii
[Loading MPS to PDF converter (version 2006.09.02).]
\scratchcounter=\count119
\scratchdimen=\dimen127
\scratchbox=\box54
\nofMPsegments=\count120
\nofMParguments=\count121
\everyMPshowfont=\toks25
\MPscratchCnt=\count122
\MPscratchDim=\dimen128
\MPnumerator=\count123
\makeMPintoPDFobject=\count124
\everyMPtoPDFconversion=\toks26
) (/usr/share/texlive/texmf-dist/tex/generic/oberdiek/pdftexcmds.sty
Package: pdftexcmds 2011/11/29 v0.20 Utility functions of pdfTeX for LuaTeX (HO
)

(/usr/share/texlive/texmf-dist/tex/generic/oberdiek/ifluatex.sty
Package: ifluatex 2010/03/01 v1.3 Provides the ifluatex switch (HO)
Package ifluatex Info: LuaTeX not detected.
)
(/usr/share/texlive/texmf-dist/tex/generic/oberdiek/ifpdf.sty
Package: ifpdf 2011/01/30 v2.3 Provides the ifpdf switch (HO)
Package ifpdf Info: pdfTeX in PDF mode is detected.
)
Package pdftexcmds Info: LuaTeX not detected.
Package pdftexcmds Info: \pdf@primitive is available.
Package pdftexcmds Info: \pdf@ifprimitive is available.
Package pdftexcmds Info: \pdfdraftmode found.
)
(/usr/share/texlive/texmf-dist/tex/latex/oberdiek/epstopdf-base.sty
Package: epstopdf-base 2010/02/09 v2.5 Base part for package epstopdf

(/usr/share/texlive/texmf-dist/tex/latex/oberdiek/grfext.sty
Package: grfext 2010/08/19 v1.1 Manage graphics extensions (HO)

(/usr/share/texlive/texmf-dist/tex/generic/oberdiek/kvdefinekeys.sty
Package: kvdefinekeys 2011/04/07 v1.3 Define keys (HO)
))
(/usr/share/texlive/texmf-dist/tex/latex/oberdiek/kvoptions.sty
Package: kvoptions 2011/06/30 v3.11 Key value format for package options (HO)

(/usr/share/texlive/texmf-dist/tex/generic/oberdiek/kvsetkeys.sty
Package: kvsetkeys 2012/04/25 v1.16 Key value parser (HO)

(/usr/share/texlive/texmf-dist/tex/generic/oberdiek/etexcmds.sty
Package: etexcmds 2011/02/16 v1.5 Avoid name clashes with e-TeX commands (HO)
Package etexcmds Info: Could not find \expanded.
(etexcmds)             That can mean that you are not using pdfTeX 1.50 or
(etexcmds)             that some package has redefined \expanded.
(etexcmds)             In the latter case, load this package earlier.
)))
Package grfext Info: Graphics extension search list:
(grfext)             [.png,.pdf,.jpg,.mps,.jpeg,.jbig2,.jb2,.PNG,.PDF,.JPG,.JPE
G,.JBIG2,.JB2,.eps]
(grfext)             \AppendGraphicsExtensions on input line 452.

(/usr/share/texlive/texmf-dist/tex/latex/latexconfig/epstopdf-sys.cfg
File: epstopdf-sys.cfg 2010/07/13 v1.3 Configuration of (r)epstopdf for TeX Liv
e
))
(/usr/share/texlive/texmf-dist/tex/latex/ucs/ucsencs.def
File: ucsencs.def 2011/01/21 Fixes to fontencodings LGR, T3
)
(/usr/share/texlive/texmf-dist/tex/latex/ucs/data/uni-1.def
File: uni-1.def 2013/05/13 UCS: Unicode data U+0100..U+01FF
)
LaTeX Font Info:    Try loading font information for U+msa on input line 67.

(/usr/share/texlive/texmf-dist/tex/latex/amsfonts/umsa.fd
File: umsa.fd 2013/01/14 v3.01 AMS symbols A
)
LaTeX Font Info:    Try loading font information for U+msb on input line 67.

(/usr/share/texlive/texmf-dist/tex/latex/amsfonts/umsb.fd
File: umsb.fd 2013/01/14 v3.01 AMS symbols B
)
LaTeX Font Info:    Failed loading font information for L7x+cmr. on input line 
67.
LaTeX Font Info:    Failed loading font information for L7x+cmr. on input line 
67.
LaTeX Font Info:    Failed loading font information for L7x+cmr. on input line 
74.
LaTeX Font Info:    Failed loading font information for L7x+cmr. on input line 
78.

(/usr/share/texlive/texmf-dist/tex/latex/ucs/data/uni-32.def
File: uni-32.def 2013/05/13 UCS: Unicode data U+2000..U+20FF
)
LaTeX Font Info:    Failed loading font information for L7x+cmr. on input line 
87.
LaTeX Font Info:    Failed loading font information for L7x+cmr. on input line 
91.
LaTeX Font Info:    Failed loading font information for L7x+cmr. on input line 
96.
LaTeX Font Info:    Failed loading font information for L7x+cmr. on input line 
99.
 [1


{/var/lib/texmf/fonts/map/pdftex/updmap/pdftex.map}]
LaTeX Font Info:    Failed loading font information for L7x+cmr. on input line 
105.
LaTeX Font Info:    Failed loading font information for L7x+cmr. on input line 
106.
LaTeX Font Info:    Failed loading font information for L7x+cmtt. on input line
 106.
LaTeX Font Info:    Failed loading font information for L7x+cmr. on input line 
131.
LaTeX Font Info:    Failed loading font information for L7x+cmr. on input line 
134.
LaTeX Font Info:    Failed loading font information for L7x+cmr. on input line 
134.
LaTeX Font Info:    Failed loading font information for L7x+cmr. on input line 
138.
LaTeX Font Info:    Try loading font information for OT1+lmr on input line 140.

 (/usr/share/texmf/tex/latex/lm/ot1lmr.fd
File: ot1lmr.fd 2009/10/30 v1.6 Font defs for Latin Modern
)
LaTeX Font Info:    Failed loading font information for L7x+cmtt. on input line
 141.

Overfull \hbox (0.91122pt too wide) in paragraph at lines 140--145
\L7x/lmr/m/n/10 Springer provides you with a complete integrated \OT1/lmr/m/n/1
0 L[]T[]X \L7x/lmr/m/n/10 document class (llncs.cls)
 []

LaTeX Font Info:    Failed loading font information for L7x+cmr. on input line 
145.
LaTeX Font Info:    Failed loading font information for L7x+cmr. on input line 
145.
[2]
LaTeX Font Info:    Failed loading font information for L7x+cmtt. on input line
 152.
LaTeX Font Info:    Failed loading font information for L7x+cmtt. on input line
 154.
LaTeX Font Info:    Failed loading font information for L7x+cmtt. on input line
 157.
LaTeX Font Info:    Failed loading font information for L7x+cmr. on input line 
163.
LaTeX Font Info:    Failed loading font information for L7x+cmtt. on input line
 163.
LaTeX Font Info:    Failed loading font information for L7x+cmr. on input line 
163.
LaTeX Font Info:    Failed loading font information for L7x+cmtt. on input line
 163.
LaTeX Font Info:    Failed loading font information for L7x+cmr. on input line 
164.
LaTeX Font Info:    Failed loading font information for L7x+cmtt. on input line
 164.
LaTeX Font Info:    Failed loading font information for L7x+cmr. on input line 
164.
LaTeX Font Info:    Failed loading font information for L7x+cmtt. on input line
 164.

Overfull \hbox (7.43095pt too wide) in paragraph at lines 163--167
[]\L7x/lmr/m/n/10 Please use the commands []\label and []\ref for cross-referen
ces and the commands
 []

LaTeX Font Info:    Failed loading font information for L7x+cmr. on input line 
169.
LaTeX Font Info:    Failed loading font information for L7x+cmtt. on input line
 169.
LaTeX Font Info:    Failed loading font information for L7x+cmr. on input line 
170.
LaTeX Font Info:    Failed loading font information for L7x+cmtt. on input line
 170.
LaTeX Font Info:    Failed loading font information for L7x+cmr. on input line 
170.
LaTeX Font Info:    Failed loading font information for L7x+cmtt. on input line
 170.
LaTeX Font Info:    Failed loading font information for L7x+cmr. on input line 
171.
LaTeX Font Info:    Failed loading font information for L7x+cmtt. on input line
 171.
LaTeX Font Info:    Failed loading font information for L7x+cmr. on input line 
178.
LaTeX Font Info:    Failed loading font information for L7x+cmr. on input line 
194.
LaTeX Font Info:    Failed loading font information for L7x+cmr. on input line 
198.
LaTeX Font Info:    Failed loading font information for L7x+cmr. on input line 
201.
LaTeX Font Info:    Failed loading font information for L7x+cmtt. on input line
 201.
LaTeX Font Info:    Failed loading font information for L7x+cmr. on input line 
213.
LaTeX Font Info:    Failed loading font information for L7x+cmr. on input line 
213.
[3]
LaTeX Font Info:    Failed loading font information for L7x+cmr. on input line 
214.
LaTeX Font Info:    Failed loading font information for L7x+cmtt. on input line
 214.
LaTeX Font Info:    Failed loading font information for L7x+cmr. on input line 
227.
Package epstopdf Info: Source file: <eijkel2.eps>
(epstopdf)                    date: 1997-11-28 08:36:34
(epstopdf)                    size: 13532 bytes
(epstopdf)             Output file: <eijkel2-eps-converted-to.pdf>
(epstopdf)                    date: 2015-04-28 21:56:19
(epstopdf)                    size: 8565 bytes
(epstopdf)             Command: <repstopdf --outfile=eijkel2-eps-converted-to.p
df eijkel2.eps>
(epstopdf)             \includegraphics on input line 228.
Package epstopdf Info: Output file is already uptodate.
 <eijkel2-eps-converted-to.pdf, id=21, 491.8375pt x 399.4925pt>
File: eijkel2-eps-converted-to.pdf Graphic file (type pdf)

<use eijkel2-eps-converted-to.pdf>
Package pdftex.def Info: eijkel2-eps-converted-to.pdf used on input line 228.
(pdftex.def)             Requested size: 217.18216pt x 176.407pt.
LaTeX Font Info:    Failed loading font information for L7x+cmr. on input line 
238.
LaTeX Font Info:    Failed loading font information for L7x+cmtt. on input line
 238.
LaTeX Font Info:    Failed loading font information for L7x+cmr. on input line 
242.
LaTeX Font Info:    Failed loading font information for L7x+cmr. on input line 
250.
LaTeX Font Info:    Failed loading font information for L7x+cmr. on input line 
250.
 [4 <./eijkel2-eps-converted-to.pdf>]
LaTeX Font Info:    Failed loading font information for L7x+cmr. on input line 
251.
LaTeX Font Info:    Failed loading font information for L7x+cmr. on input line 
262.
LaTeX Font Info:    Failed loading font information for L7x+cmr. on input line 
267.
LaTeX Font Info:    Failed loading font information for L7x+cmr. on input line 
275.
LaTeX Font Info:    Failed loading font information for L7x+cmr. on input line 
276.
LaTeX Font Info:    Failed loading font information for L7x+cmr. on input line 
276.
LaTeX Font Info:    Failed loading font information for L7x+cmr. on input line 
278.
LaTeX Font Info:    Failed loading font information for L7x+cmr. on input line 
286.
LaTeX Font Info:    Failed loading font information for L7x+cmr. on input line 
287.
LaTeX Font Info:    Failed loading font information for L7x+cmtt. on input line
 287.
LaTeX Font Info:    Failed loading font information for L7x+cmr. on input line 
308.
LaTeX Font Info:    Failed loading font information for L7x+cmr. on input line 
308.

[5]
LaTeX Font Info:    Failed loading font information for L7x+cmr. on input line 
314.


LaTeX Warning: Citation `jour' on page 6 undefined on input line 317.

LaTeX Font Info:    Failed loading font information for L7x+cmr. on input line 
319.
LaTeX Font Info:    Failed loading font information for L7x+cmtt. on input line
 319.
LaTeX Font Info:    Failed loading font information for L7x+cmr. on input line 
319.
LaTeX Font Info:    Failed loading font information for L7x+cmtt. on input line
 319.
LaTeX Font Info:    Failed loading font information for L7x+cmr. on input line 
321.
LaTeX Font Info:    Failed loading font information for L7x+cmr. on input line 
327.
LaTeX Font Info:    Failed loading font information for L7x+cmr. on input line 
340.
LaTeX Font Info:    Failed loading font information for L7x+cmtt. on input line
 345.
LaTeX Font Info:    Failed loading font information for L7x+cmr. on input line 
347.
LaTeX Font Info:    Failed loading font information for L7x+cmr. on input line 
350.
LaTeX Font Info:    Failed loading font information for L7x+cmr. on input line 
363.
LaTeX Font Info:    Failed loading font information for L7x+cmr. on input line 
363.
[6]
LaTeX Font Info:    Failed loading font information for L7x+cmr. on input line 
376.
LaTeX Font Info:    Failed loading font information for L7x+cmtt. on input line
 399.
LaTeX Font Info:    Failed loading font information for L7x+cmr. on input line 
404.
LaTeX Font Info:    Failed loading font information for L7x+cmr. on input line 
404.
 [7] (./a-publication.aux) ) 
Here is how much of TeX's memory you used:
 4227 strings out of 493304
 54107 string characters out of 6139871
 119546 words of memory out of 5000000
 7588 multiletter control sequences out of 15000+600000
 35761 words of font info for 48 fonts, out of 8000000 for 9000
 957 hyphenation exceptions out of 8191
 38i,9n,26p,659b,597s stack positions out of 5000i,500n,10000p,200000b,80000s
{/usr/share/texmf/fonts/enc/dvips/lm/lm-l7x.enc}{/u
sr/share/texmf/fonts/enc/dvips/lm/lm-rm.enc}</usr/share/texlive/texmf-dist/font
s/type1/public/amsfonts/cm/cmex10.pfb></usr/share/texlive/texmf-dist/fonts/type
1/public/amsfonts/cm/cmmi10.pfb></usr/share/texlive/texmf-dist/fonts/type1/publ
ic/amsfonts/cm/cmmi6.pfb></usr/share/texlive/texmf-dist/fonts/type1/public/amsf
onts/cm/cmmi7.pfb></usr/share/texlive/texmf-dist/fonts/type1/public/amsfonts/cm
/cmmi9.pfb></usr/share/texlive/texmf-dist/fonts/type1/public/amsfonts/cm/cmr10.
pfb></usr/share/texlive/texmf-dist/fonts/type1/public/amsfonts/cm/cmr7.pfb></us
r/share/texlive/texmf-dist/fonts/type1/public/amsfonts/cm/cmsy10.pfb></usr/shar
e/texlive/texmf-dist/fonts/type1/public/amsfonts/cm/cmsy7.pfb></usr/share/texmf
/fonts/type1/public/lm/lmbx10.pfb></usr/share/texmf/fonts/type1/public/lm/lmbx1
2.pfb></usr/share/texmf/fonts/type1/public/lm/lmbx9.pfb></usr/share/texmf/fonts
/type1/public/lm/lmr10.pfb></usr/share/texmf/fonts/type1/public/lm/lmr6.pfb></u
sr/share/texmf/fonts/type1/public/lm/lmr7.pfb></usr/share/texmf/fonts/type1/pub
lic/lm/lmr9.pfb></usr/share/texmf/fonts/type1/public/lm/lmri10.pfb></usr/share/
texmf/fonts/type1/public/lm/lmri9.pfb>
Output written on a-publication.pdf (7 pages, 313892 bytes).
PDF statistics:
 113 PDF objects out of 1000 (max. 8388607)
 83 compressed objects within 1 object stream
 0 named destinations out of 1000 (max. 500000)
 6 words of extra memory for PDF output out of 10000 (max. 10000000)

